<?xml version="1.0" encoding="UTF-8"?>
<testsuite name="GitHubSearch" tests="1" skipped="0" failures="1" errors="0" timestamp="2024-03-16T19:32:09" hostname="MacBook-Air-Maksim.local" time="17.437">
  <properties/>
  <testcase name="gitHubSearchSelenide()" classname="GitHubSearch" time="17.437">
    <failure message="Element should be clickable: interactable and enabled {[placeholder='Search or jump to...']}&#10;Element: '&lt;button autocapitalize=&quot;off&quot; class=&quot;header-search-button placeholder input-button form-control d-flex flex-1 flex-self-stretch flex-items-center no-wrap width-full py-0 pl-2 pr-0 text-left border-0 box-shadow-none&quot; data-action=&quot;click:qbsearch-input#handleExpand&quot; data-hotkey=&quot;s,/&quot; data-target=&quot;qbsearch-input.inputButton&quot; placeholder=&quot;Search or jump to...&quot; type=&quot;button&quot; displayed:false&gt;&lt;/button&gt;'&#10;Actual value: hidden, opacity=1&#10;Screenshot: file:/Users/maksimkazakov/Desktop/QA_GURU/QA_GURU/build/reports/tests/1710617545961.0.png&#10;Page source: file:/Users/maksimkazakov/Desktop/QA_GURU/QA_GURU/build/reports/tests/1710617545961.0.html&#10;Timeout: 4 s." type="com.codeborne.selenide.ex.ElementShould">Element should be clickable: interactable and enabled {[placeholder='Search or jump to...']}
Element: '&lt;button autocapitalize=&quot;off&quot; class=&quot;header-search-button placeholder input-button form-control d-flex flex-1 flex-self-stretch flex-items-center no-wrap width-full py-0 pl-2 pr-0 text-left border-0 box-shadow-none&quot; data-action=&quot;click:qbsearch-input#handleExpand&quot; data-hotkey=&quot;s,/&quot; data-target=&quot;qbsearch-input.inputButton&quot; placeholder=&quot;Search or jump to...&quot; type=&quot;button&quot; displayed:false&gt;&lt;/button&gt;'
Actual value: hidden, opacity=1
Screenshot: file:/Users/maksimkazakov/Desktop/QA_GURU/QA_GURU/build/reports/tests/1710617545961.0.png
Page source: file:/Users/maksimkazakov/Desktop/QA_GURU/QA_GURU/build/reports/tests/1710617545961.0.html
Timeout: 4 s.
	at app//com.codeborne.selenide.impl.WebElementSource.handleError(WebElementSource.java:147)
	at app//com.codeborne.selenide.impl.WebElementSource.checkConditionAndReturnElement(WebElementSource.java:125)
	at app//com.codeborne.selenide.impl.WebElementSource.findAndAssertElementIsClickable(WebElementSource.java:171)
	at app//com.codeborne.selenide.commands.Click.findElement(Click.java:53)
	at app//com.codeborne.selenide.commands.Click.execute(Click.java:34)
	at app//com.codeborne.selenide.commands.Click.execute(Click.java:26)
	at app//com.codeborne.selenide.commands.Commands.execute(Commands.java:162)
	at app//com.codeborne.selenide.impl.SelenideElementProxy.dispatchAndRetry(SelenideElementProxy.java:134)
	at app//com.codeborne.selenide.impl.SelenideElementProxy.invoke(SelenideElementProxy.java:86)
	at app/jdk.proxy3/jdk.proxy3.$Proxy18.click(Unknown Source)
	at app//GitHubSearch.gitHubSearchSelenide(GitHubSearch.java:24)
	at java.base@17.0.9/java.lang.reflect.Method.invoke(Method.java:568)
	at java.base@17.0.9/java.util.ArrayList.forEach(ArrayList.java:1511)
	at java.base@17.0.9/java.util.ArrayList.forEach(ArrayList.java:1511)
</failure>
  </testcase>
  <system-out><![CDATA[]]></system-out>
  <system-err><![CDATA[[Test worker] INFO com.codeborne.selenide.impl.WebDriverThreadLocalContainer - No webdriver is bound to current thread: 1 - let's create a new webdriver
[Test worker] INFO com.codeborne.selenide.impl.FileHelper - Creating folder: /Users/maksimkazakov/Desktop/QA_GURU/QA_GURU/build/downloads/1710617529956_63285_1
[Test worker] INFO com.codeborne.selenide.webdriver.BrowserResizer - Set browser position to 0x0
[Test worker] INFO com.codeborne.selenide.webdriver.WebDriverFactory - BrowserName=chrome Version=122.0.6261.129 Platform=mac
[Test worker] INFO com.codeborne.selenide.webdriver.WebDriverFactory - Selenide v. 7.2.1
[Test worker] INFO com.codeborne.selenide.webdriver.WebDriverFactory - Selenium WebDriver v. 4.18.1 build revision: b1d3319b48
[Test worker] INFO com.codeborne.selenide.drivercommands.CreateDriverCommand - Created webdriver in thread 1: ChromeDriver -> ChromeDriver: chrome on mac (a26009da178f0f3a1b6812b6048a0b30), downloadsFolder: /Users/maksimkazakov/Desktop/QA_GURU/QA_GURU/build/downloads/1710617529956_63285_1
[Test worker] INFO com.codeborne.selenide.drivercommands.DisposablesRegistry - Register WebDriverInstance[config=StaticConfig, webDriver=ChromeDriver: chrome on mac (a26009da178f0f3a1b6812b6048a0b30), proxy=null, downloadsFolder=/Users/maksimkazakov/Desktop/QA_GURU/QA_GURU/build/downloads/1710617529956_63285_1] in 1 [size=1]
[Test worker] INFO com.codeborne.selenide.drivercommands.DisposablesRegistry - Add shutdown hook in 1 [size=1]
]]></system-err>
</testsuite>
