<?xml version="1.0" encoding="UTF-8"?>
<testsuite name="TestBoxDemoQA" tests="1" skipped="0" failures="0" errors="0" timestamp="2024-03-16T19:32:38" hostname="MacBook-Air-Maksim.local" time="8.449">
  <properties/>
  <testcase name="fillForm()" classname="TestBoxDemoQA" time="8.449"/>
  <system-out><![CDATA[]]></system-out>
  <system-err><![CDATA[]]></system-err>
</testsuite>
