<?xml version="1.0" encoding="UTF-8"?>
<testsuite name="TestBoxDemoQA" tests="1" skipped="0" failures="0" errors="0" timestamp="2024-03-16T19:50:44" hostname="MacBook-Air-Maksim.local" time="5.116">
  <properties/>
  <testcase name="fillForm()" classname="TestBoxDemoQA" time="5.116"/>
  <system-out><![CDATA[]]></system-out>
  <system-err><![CDATA[[Test worker] INFO com.codeborne.selenide.impl.WebDriverThreadLocalContainer - No webdriver is bound to current thread: 1 - let's create a new webdriver
[Test worker] INFO com.codeborne.selenide.impl.FileHelper - Creating folder: /Users/maksimkazakov/Desktop/QA_GURU/QA_GURU/build/downloads/1710618644807_63973_1
[Test worker] INFO com.codeborne.selenide.webdriver.WebDriverFactory - BrowserName=chrome Version=122.0.6261.129 Platform=mac
[Test worker] INFO com.codeborne.selenide.webdriver.WebDriverFactory - Selenide v. 7.2.1
[Test worker] INFO com.codeborne.selenide.webdriver.WebDriverFactory - Selenium WebDriver v. 4.18.1 build revision: b1d3319b48
[Test worker] INFO com.codeborne.selenide.drivercommands.CreateDriverCommand - Created webdriver in thread 1: ChromeDriver -> ChromeDriver: chrome on mac (728b020ae73e3d253972685926514d8c), downloadsFolder: /Users/maksimkazakov/Desktop/QA_GURU/QA_GURU/build/downloads/1710618644807_63973_1
[Test worker] INFO com.codeborne.selenide.drivercommands.DisposablesRegistry - Register WebDriverInstance[config=StaticConfig, webDriver=ChromeDriver: chrome on mac (728b020ae73e3d253972685926514d8c), proxy=null, downloadsFolder=/Users/maksimkazakov/Desktop/QA_GURU/QA_GURU/build/downloads/1710618644807_63973_1] in 1 [size=1]
[Test worker] INFO com.codeborne.selenide.drivercommands.DisposablesRegistry - Add shutdown hook in 1 [size=1]
]]></system-err>
</testsuite>
